<?xml version="1.0" encoding="UTF-8"?>
<!-- Generated by org.testng.reporters.JUnitReportReporter -->
<testsuite skipped="0" hostname="BENCH" name="mypack.FrameworkanaotationDepends" tests="3" failures="0" timestamp="2020-08-23T22:52:45 AEST" time="0.018" errors="0">
  <testcase name="method1" time="0.014" classname="mypack.FrameworkanaotationDepends"/>
  <system-out/>
  <testcase name="method2" time="0.001" classname="mypack.FrameworkanaotationDepends"/>
  <system-out/>
  <testcase name="method3" time="0.003" classname="mypack.FrameworkanaotationDepends"/>
  <system-out/>
</testsuite> <!-- mypack.FrameworkanaotationDepends -->
