<?xml version="1.0" encoding="UTF-8"?>
<!-- Generated by org.testng.reporters.JUnitReportReporter -->
<testsuite skipped="0" hostname="BENCH" name="mypack.FrameworkanaotationDataToMethods" tests="4" failures="0" timestamp="2020-08-20T06:02:02 AEST" time="0.022" errors="0">
  <testcase name="method2" time="0.010" classname="mypack.FrameworkanaotationDataToMethods"/>
  <system-out/>
  <testcase name="method2" time="0.006" classname="mypack.FrameworkanaotationDataToMethods"/>
  <system-out/>
  <testcase name="method3" time="0.003" classname="mypack.FrameworkanaotationDataToMethods"/>
  <system-out/>
  <testcase name="method3" time="0.003" classname="mypack.FrameworkanaotationDataToMethods"/>
  <system-out/>
</testsuite> <!-- mypack.FrameworkanaotationDataToMethods -->
