<?xml version="1.0" encoding="UTF-8"?>
<!-- Generated by org.testng.reporters.JUnitReportReporter -->
<testsuite skipped="0" hostname="BENCH" name="mypack.FramaworkOptionalvalueMEANSdEFAULTvALUE" tests="3" failures="0" timestamp="2020-08-22T18:32:18 AEST" time="0.035" errors="0">
  <testcase name="method" time="0.023" classname="mypack.FramaworkOptionalvalueMEANSdEFAULTvALUE"/>
  <system-out/>
  <testcase name="method" time="0.003" classname="mypack.FramaworkOptionalvalueMEANSdEFAULTvALUE"/>
  <system-out/>
  <testcase name="method" time="0.009" classname="mypack.FramaworkOptionalvalueMEANSdEFAULTvALUE"/>
  <system-out/>
</testsuite> <!-- mypack.FramaworkOptionalvalueMEANSdEFAULTvALUE -->
