<?xml version="1.0" encoding="UTF-8"?>
<!-- Generated by org.testng.reporters.JUnitReportReporter -->
<testsuite skipped="0" hostname="BENCH" name="mypack.Frameworkexample1Testing" tests="5" failures="0" timestamp="2020-08-15T09:35:12 AEST" time="7.220" errors="0">
  <testcase name="getPosts" time="1.274" classname="mypack.Frameworkexample1Testing"/>
  <system-out>
Posted.....Properly  </system-out>
  <testcase name="getSpecificPost" time="2.287" classname="mypack.Frameworkexample1Testing"/>
  <system-out>
Post Resourse.working....Properly  </system-out>
  <testcase name="createpost" time="1.256" classname="mypack.Frameworkexample1Testing"/>
  <system-out>
Post Created....Properly  </system-out>
  <testcase name="updatepost" time="1.198" classname="mypack.Frameworkexample1Testing"/>
  <system-out>
Post Created....Properly  </system-out>
  <testcase name="deletepost" time="1.205" classname="mypack.Frameworkexample1Testing"/>
  <system-out>
Deletion.working....Properly  </system-out>
</testsuite> <!-- mypack.Frameworkexample1Testing -->
