<?xml version="1.0" encoding="UTF-8"?>
<!-- Generated by org.testng.reporters.JUnitReportReporter -->
<testsuite skipped="0" hostname="BENCH" name="mypack.Allannotations" tests="3" failures="0" timestamp="2020-08-22T21:10:30 AEST" time="0.032" errors="0">
  <testcase name="Test" time="0.012" classname="mypack.Allannotations"/>
  <system-out/>
  <testcase name="TestC1" time="0.006" classname="mypack.Allannotations"/>
  <system-out/>
  <testcase name="TestC2" time="0.014" classname="mypack.Allannotations"/>
  <system-out/>
</testsuite> <!-- mypack.Allannotations -->
